[0822/150440:ERROR:process_info.cc(608)] range at 0x6ee63b6a00000000, size 0xc fully unreadable
[0822/150440:ERROR:process_info.cc(608)] range at 0x6ee63b8a00000000, size 0xc fully unreadable
[0822/150440:ERROR:process_info.cc(608)] range at 0x0, size 0xc fully unreadable
[0822/150440:ERROR:process_reader_win.cc(114)] NtOpenThread: {Access Denied} A process has requested access to an object, but has not been granted those access rights.  (0xc0000022)
[0822/150440:ERROR:exception_snapshot_win.cc(88)] thread ID 2912 not found in process
[0822/150440:WARNING:crash_report_exception_handler.cc(60)] ProcessSnapshotWin::InitializeException failed
[0822/221114:ERROR:process_info.cc(608)] range at 0xdc1b3b0e00000000, size 0x87 fully unreadable
[0822/221114:ERROR:process_info.cc(608)] range at 0xdc1b3b2e00000000, size 0x87 fully unreadable
[0822/221114:ERROR:process_info.cc(608)] range at 0x0, size 0x87 fully unreadable
[0822/221114:ERROR:process_info.cc(608)] range at 0x7c2f3b0c00000000, size 0x46 fully unreadable
[0822/221114:ERROR:process_info.cc(608)] range at 0x7c2f3b2c00000000, size 0x46 fully unreadable
[0822/221114:ERROR:process_info.cc(608)] range at 0x0, size 0x46 fully unreadable
[0822/221114:ERROR:process_reader_win.cc(114)] NtOpenThread: {Access Denied} A process has requested access to an object, but has not been granted those access rights.  (0xc0000022)
[0822/221114:ERROR:process_reader_win.cc(114)] NtOpenThread: {Access Denied} A process has requested access to an object, but has not been granted those access rights.  (0xc0000022)
[0822/221114:ERROR:exception_snapshot_win.cc(88)] thread ID 1352 not found in process
[0822/221114:WARNING:crash_report_exception_handler.cc(60)] ProcessSnapshotWin::InitializeException failed
[0822/221114:ERROR:exception_snapshot_win.cc(88)] thread ID 6944 not found in process
[0822/221114:WARNING:crash_report_exception_handler.cc(60)] ProcessSnapshotWin::InitializeException failed
[0822/222454:ERROR:process_info.cc(608)] range at 0xd2d73b0e00000000, size 0xb0 fully unreadable
[0822/222454:ERROR:process_info.cc(608)] range at 0xd2d73b2e00000000, size 0xb0 fully unreadable
[0822/222454:ERROR:process_info.cc(608)] range at 0x0, size 0xb0 fully unreadable
[0822/222454:ERROR:process_reader_win.cc(114)] NtOpenThread: {Access Denied} A process has requested access to an object, but has not been granted those access rights.  (0xc0000022)
[0822/222454:ERROR:exception_snapshot_win.cc(88)] thread ID 6600 not found in process
[0822/222454:WARNING:crash_report_exception_handler.cc(60)] ProcessSnapshotWin::InitializeException failed
